# JRE version: Java(TM) SE Runtime Environment (8.0_60-b27) (build 1.8.0_60-b27)
# Java VM: Java HotSpot(TM) 64-Bit Server VM (25.60-b23 mixed mode linux-amd64 compressed oops)
Heap:
 PSYoungGen      total 278016K, used 6985K [0x00000000d6f00000, 0x00000000e9600000, 0x0000000100000000)
  eden space 253952K, 0% used [0x00000000d6f00000,0x00000000d6f00000,0x00000000e6700000)
  from space 24064K, 29% used [0x00000000e6700000,0x00000000e6dd2530,0x00000000e7e80000)
  to   space 22528K, 0% used [0x00000000e8000000,0x00000000e8000000,0x00000000e9600000)
 ParOldGen       total 84992K, used 34209K [0x0000000084c00000, 0x0000000089f00000, 0x00000000d6f00000)
  object space 84992K, 40% used [0x0000000084c00000,0x0000000086d68610,0x0000000089f00000)
 Metaspace       used 12075K, capacity 12536K, committed 12800K, reserved 1060864K
  class space    used 1538K, capacity 1684K, committed 1792K, reserved 1048576K
GC Heap History (10 events):
Event: 6,679 GC heap after
Heap after GC invocations=2 (full 0):
 PSYoungGen      total 68608K, used 5109K [0x00000000d6f00000, 0x00000000db700000, 0x0000000100000000)
  eden space 63488K, 0% used [0x00000000d6f00000,0x00000000d6f00000,0x00000000dad00000)
  from space 5120K, 99% used [0x00000000db200000,0x00000000db6fd410,0x00000000db700000)
  to   space 5120K, 0% used [0x00000000dad00000,0x00000000dad00000,0x00000000db200000)
 ParOldGen       total 84992K, used 5450K [0x0000000084c00000, 0x0000000089f00000, 0x00000000d6f00000)
  object space 84992K, 6% used [0x0000000084c00000,0x0000000085152aa0,0x0000000089f00000)
 Metaspace       used 10229K, capacity 10708K, committed 10752K, reserved 1058816K
  class space    used 1374K, capacity 1534K, committed 1536K, reserved 1048576K
}
Event: 21,970 GC heap before
{Heap before GC invocations=3 (full 0):
 PSYoungGen      total 68608K, used 68479K [0x00000000d6f00000, 0x00000000db700000, 0x0000000100000000)
  eden space 63488K, 99% used [0x00000000d6f00000,0x00000000dace2a98,0x00000000dad00000)
  from space 5120K, 99% used [0x00000000db200000,0x00000000db6fd410,0x00000000db700000)
  to   space 5120K, 0% used [0x00000000dad00000,0x00000000dad00000,0x00000000db200000)
 ParOldGen       total 84992K, used 5450K [0x0000000084c00000, 0x0000000089f00000, 0x00000000d6f00000)
  object space 84992K, 6% used [0x0000000084c00000,0x0000000085152aa0,0x0000000089f00000)
 Metaspace       used 11785K, capacity 12312K, committed 12416K, reserved 1060864K
  class space    used 1517K, capacity 1652K, committed 1664K, reserved 1048576K
Event: 22,066 GC heap after
Heap after GC invocations=3 (full 0):
 PSYoungGen      total 68608K, used 5099K [0x00000000d6f00000, 0x00000000df500000, 0x0000000100000000)
  eden space 63488K, 0% used [0x00000000d6f00000,0x00000000d6f00000,0x00000000dad00000)
  from space 5120K, 99% used [0x00000000dad00000,0x00000000db1faf00,0x00000000db200000)
  to   space 5120K, 0% used [0x00000000df000000,0x00000000df000000,0x00000000df500000)
 ParOldGen       total 84992K, used 26029K [0x0000000084c00000, 0x0000000089f00000, 0x00000000d6f00000)
  object space 84992K, 30% used [0x0000000084c00000,0x000000008656b6d0,0x0000000089f00000)
 Metaspace       used 11785K, capacity 12312K, committed 12416K, reserved 1060864K
  class space    used 1517K, capacity 1652K, committed 1664K, reserved 1048576K
}
Event: 22,990 GC heap before
{Heap before GC invocations=4 (full 0):
 PSYoungGen      total 68608K, used 68587K [0x00000000d6f00000, 0x00000000df500000, 0x0000000100000000)
  eden space 63488K, 100% used [0x00000000d6f00000,0x00000000dad00000,0x00000000dad00000)
  from space 5120K, 99% used [0x00000000dad00000,0x00000000db1faf00,0x00000000db200000)
  to   space 5120K, 0% used [0x00000000df000000,0x00000000df000000,0x00000000df500000)
 ParOldGen       total 84992K, used 26029K [0x0000000084c00000, 0x0000000089f00000, 0x00000000d6f00000)
  object space 84992K, 30% used [0x0000000084c00000,0x000000008656b6d0,0x0000000089f00000)
 Metaspace       used 12060K, capacity 12536K, committed 12800K, reserved 1060864K
  class space    used 1538K, capacity 1684K, committed 1792K, reserved 1048576K
Event: 23,057 GC heap after
Heap after GC invocations=4 (full 0):
 PSYoungGen      total 132096K, used 5099K [0x00000000d6f00000, 0x00000000df500000, 0x0000000100000000)
  eden space 126976K, 0% used [0x00000000d6f00000,0x00000000d6f00000,0x00000000deb00000)
  from space 5120K, 99% used [0x00000000df000000,0x00000000df4faf00,0x00000000df500000)
  to   space 5120K, 0% used [0x00000000deb00000,0x00000000deb00000,0x00000000df000000)
 ParOldGen       total 84992K, used 31399K [0x0000000084c00000, 0x0000000089f00000, 0x00000000d6f00000)
  object space 84992K, 36% used [0x0000000084c00000,0x0000000086aa9e90,0x0000000089f00000)
 Metaspace       used 12060K, capacity 12536K, committed 12800K, reserved 1060864K
  class space    used 1538K, capacity 1684K, committed 1792K, reserved 1048576K
}
Event: 24,257 GC heap before
{Heap before GC invocations=5 (full 0):
 PSYoungGen      total 132096K, used 132075K [0x00000000d6f00000, 0x00000000df500000, 0x0000000100000000)
  eden space 126976K, 100% used [0x00000000d6f00000,0x00000000deb00000,0x00000000deb00000)
  from space 5120K, 99% used [0x00000000df000000,0x00000000df4faf00,0x00000000df500000)
  to   space 5120K, 0% used [0x00000000deb00000,0x00000000deb00000,0x00000000df000000)
 ParOldGen       total 84992K, used 31399K [0x0000000084c00000, 0x0000000089f00000, 0x00000000d6f00000)
  object space 84992K, 36% used [0x0000000084c00000,0x0000000086aa9e90,0x0000000089f00000)
 Metaspace       used 12066K, capacity 12536K, committed 12800K, reserved 1060864K
  class space    used 1538K, capacity 1684K, committed 1792K, reserved 1048576K
Event: 24,293 GC heap after
Heap after GC invocations=5 (full 0):
 PSYoungGen      total 132096K, used 5115K [0x00000000d6f00000, 0x00000000e9900000, 0x0000000100000000)
  eden space 126976K, 0% used [0x00000000d6f00000,0x00000000d6f00000,0x00000000deb00000)
  from space 5120K, 99% used [0x00000000deb00000,0x00000000deffeef0,0x00000000df000000)
  to   space 25600K, 0% used [0x00000000e8000000,0x00000000e8000000,0x00000000e9900000)
 ParOldGen       total 84992K, used 31455K [0x0000000084c00000, 0x0000000089f00000, 0x00000000d6f00000)
  object space 84992K, 37% used [0x0000000084c00000,0x0000000086ab7e90,0x0000000089f00000)
 Metaspace       used 12066K, capacity 12536K, committed 12800K, reserved 1060864K
  class space    used 1538K, capacity 1684K, committed 1792K, reserved 1048576K
}
Event: 24,719 GC heap before
{Heap before GC invocations=6 (full 0):
 PSYoungGen      total 132096K, used 129772K [0x00000000d6f00000, 0x00000000e9900000, 0x0000000100000000)
  eden space 126976K, 98% used [0x00000000d6f00000,0x00000000de8bc310,0x00000000deb00000)
  from space 5120K, 99% used [0x00000000deb00000,0x00000000deffeef0,0x00000000df000000)
  to   space 25600K, 0% used [0x00000000e8000000,0x00000000e8000000,0x00000000e9900000)
 ParOldGen       total 84992K, used 31455K [0x0000000084c00000, 0x0000000089f00000, 0x00000000d6f00000)
  object space 84992K, 37% used [0x0000000084c00000,0x0000000086ab7e90,0x0000000089f00000)
 Metaspace       used 12066K, capacity 12536K, committed 12800K, reserved 1060864K
  class space    used 1538K, capacity 1684K, committed 1792K, reserved 1048576K
Event: 24,766 GC heap after
Heap after GC invocations=6 (full 0):
 PSYoungGen      total 276480K, used 6707K [0x00000000d6f00000, 0x00000000e9600000, 0x0000000100000000)
  eden space 253952K, 0% used [0x00000000d6f00000,0x00000000d6f00000,0x00000000e6700000)
  from space 22528K, 29% used [0x00000000e8000000,0x00000000e868cfd0,0x00000000e9600000)
  to   space 24064K, 0% used [0x00000000e6700000,0x00000000e6700000,0x00000000e7e80000)
 ParOldGen       total 84992K, used 31463K [0x0000000084c00000, 0x0000000089f00000, 0x00000000d6f00000)
  object space 84992K, 37% used [0x0000000084c00000,0x0000000086ab9e90,0x0000000089f00000)
 Metaspace       used 12066K, capacity 12536K, committed 12800K, reserved 1060864K
  class space    used 1538K, capacity 1684K, committed 1792K, reserved 1048576K
}
Event: 26,580 GC heap before
{Heap before GC invocations=7 (full 0):
 PSYoungGen      total 276480K, used 260659K [0x00000000d6f00000, 0x00000000e9600000, 0x0000000100000000)
  eden space 253952K, 100% used [0x00000000d6f00000,0x00000000e6700000,0x00000000e6700000)
  from space 22528K, 29% used [0x00000000e8000000,0x00000000e868cfd0,0x00000000e9600000)
  to   space 24064K, 0% used [0x00000000e6700000,0x00000000e6700000,0x00000000e7e80000)
 ParOldGen       total 84992K, used 31463K [0x0000000084c00000, 0x0000000089f00000, 0x00000000d6f00000)
  object space 84992K, 37% used [0x0000000084c00000,0x0000000086ab9e90,0x0000000089f00000)
 Metaspace       used 12075K, capacity 12536K, committed 12800K, reserved 1060864K
  class space    used 1538K, capacity 1684K, committed 1792K, reserved 1048576K

